Information: Propagating switching activity (low effort zero delay simulation). (PWR-6)
Warning: Design has unannotated primary inputs. (PWR-414)
Warning: Design has unannotated sequential cell outputs. (PWR-415)
 
****************************************
Report : power
        -analysis_effort low
Design : DLX_ADDR_SIZE32_DATA_SIZE32_IR_SIZE32_OPC_SIZE6_REGADDR_SIZE5_STACKBUS_WIDTH4
Version: F-2011.09-SP3
Date   : Fri Sep 13 19:07:57 2019
****************************************


Library(s) Used:

    NangateOpenCellLibrary (File: /home/mariagrazia.graziano/do/libnangate/NangateOpenCellLibrary_typical_ecsm.db)


Operating Conditions: typical   Library: NangateOpenCellLibrary
Wire Load Model Mode: top

Design        Wire Load Model            Library
------------------------------------------------
DLX_ADDR_SIZE32_DATA_SIZE32_IR_SIZE32_OPC_SIZE6_REGADDR_SIZE5_STACKBUS_WIDTH4
                       5K_hvratio_1_1    NangateOpenCellLibrary


Global Operating Voltage = 1.1  
Power-specific unit information :
    Voltage Units = 1V
    Capacitance Units = 1.000000ff
    Time Units = 1ns
    Dynamic Power Units = 1uW    (derived from V,C,T units)
    Leakage Power Units = 1nW


  Cell Internal Power  =  31.2907 mW   (97%)
  Net Switching Power  = 890.2802 uW    (3%)
                         ---------
Total Dynamic Power    =  32.1809 mW  (100%)

Cell Leakage Power     =   1.4566 mW


                 Internal         Switching           Leakage            Total
Power Group      Power            Power               Power              Power   (   %    )  Attrs
--------------------------------------------------------------------------------------------------
io_pad             0.0000            0.0000            0.0000            0.0000  (   0.00%)
memory             0.0000            0.0000            0.0000            0.0000  (   0.00%)
black_box          0.0000            0.0000            0.0000            0.0000  (   0.00%)
clock_network      0.0000            0.0000            0.0000            0.0000  (   0.00%)
register       3.0811e+04          100.2433        4.0787e+05        3.1320e+04  (  93.11%)
sequential        65.8652           12.1170        1.2861e+04           90.8436  (   0.27%)
combinational    412.4717          777.9365        1.0359e+06        2.2263e+03  (   6.62%)
--------------------------------------------------------------------------------------------------
Total          3.1290e+04 uW       890.2968 uW     1.4566e+06 nW     3.3637e+04 uW
1
