 
****************************************
Report : area
Design : DLX_ADDR_SIZE32_DATA_SIZE32_IR_SIZE32_OPC_SIZE6_REGADDR_SIZE5_STACKBUS_WIDTH4
Version: F-2011.09-SP3
Date   : Fri Sep 13 19:07:50 2019
****************************************

Library(s) Used:

    NangateOpenCellLibrary (File: /home/mariagrazia.graziano/do/libnangate/NangateOpenCellLibrary_typical_ecsm.db)

Number of ports:                          447
Number of nets:                           483
Number of cells:                            2
Number of combinational cells:              0
Number of sequential cells:                 0
Number of macros:                           0
Number of buf/inv:                          0
Number of references:                       2

Combinational area:       46114.558208
Noncombinational area:    28296.814905
Net Interconnect area:      undefined  (Wire load has zero net area)

Total cell area:          74411.373113
Total area:                 undefined
1
