*----------------------------------------------------------------------------------------
*	Innovus 17.11-s080_1 (64bit) 08/04/2017 11:13 (Linux 2.6.18-194.el5)
*	
*
* 	Date & Time:	2019-Sep-16 05:25:35 (2019-Sep-16 03:25:35 GMT)
*
*----------------------------------------------------------------------------------------
*
*	Design: DLX_ADDR_SIZE32_DATA_SIZE32_IR_SIZE32_OPC_SIZE6_REGADDR_SIZE5_STACKBUS_WIDTH4
*
*	Liberty Libraries used: 
*	        default: /software/dk/nangate45/liberty/NangateOpenCellLibrary_typical_ecsm_nowlm.lib
*
*	Power Domain used: 
*
*       Power View : default
*
*       User-Defined Activity : N.A.
*
*       Activity File: N.A.
*
*       Hierarchical Global Activity: N.A.
*
*       Global Activity: N.A.
*
*       Sequential Element Activity: N.A.
*
*       Primary Input Activity: 0.200000
*
*       Default icg ratio: N.A.
*
*       Global Comb ClockGate Ratio: N.A.
*
*	Power Units = 1mW
*
*	Time Units = 1e-09 secs 
*
*       report_power -outfile reports/power -sort total
*
-----------------------------------------------------------------------------------------


Total Power 
-----------------------------------------------------------------------------------------
Total Internal Power:       39.58300262 	   64.7074%
Total Switching Power:      20.32428902 	   33.2247%
Total Leakage Power:         1.26498415 	    2.0679%
Total Power:                61.17227578 
-----------------------------------------------------------------------------------------


Group                           Internal   Switching     Leakage       Total  Percentage 
                                Power      Power         Power         Power  (%)        
-----------------------------------------------------------------------------------------
Sequential                         30.64        6.99      0.4337       38.07       62.23 
Macro                                  0           0           0           0           0 
IO                                     0           0           0           0           0 
Combinational                      8.939       13.33      0.8313        23.1       37.77 
Clock (Combinational)                  0           0           0           0           0 
Clock (Sequential)                     0           0           0           0           0 
-----------------------------------------------------------------------------------------
Total                              39.58       20.32       1.265       61.17         100 
-----------------------------------------------------------------------------------------


Rail                  Voltage   Internal   Switching     Leakage       Total  Percentage 
                                Power      Power         Power         Power  (%)        
-----------------------------------------------------------------------------------------
Default                   1.1      39.58       20.32       1.265       61.17         100 


-----------------------------------------------------------------------------------------
*	Power Distribution Summary: 
* 		Highest Average Power:           FE_OFC51_n96561 (BUF_X4): 	   0.02614 
* 		Highest Leakage Power:             FE_OFC415_Rst (BUF_X32): 	  0.000689 
* 		Total Cap: 	2.94774e-10 F
* 		Total instances in design: 36262
* 		Total instances in design with no power:     0
*          Total instances in design with no activity:     0
* 		Total Fillers and Decap:     0
-----------------------------------------------------------------------------------------

